2013-11-19 10:50:47,360 INFO  [AutomationTestSuite - 41] - Main Sheet Found
2013-11-19 10:50:47,368 INFO  [AutomationTestCase - 75] - Total steps to be executed in test case are 19
2013-11-19 10:50:47,369 INFO  [AutomationTestSuite - 67] - Total test cases to be executed are 1. Out of configured 1 test cases
2013-11-19 10:50:51,611 INFO  [AutomationController - 59] - Executing step:- AutomationTestCaseStep [action=LAUNCH, windowName=Gmail Login Launch, reportingName=gmail login, identifier=https://mail.google.com/, identifierType=, data=]
2013-11-19 10:50:52,713 INFO  [Reflections - 250] - Reflections took 1058 ms to scan 1 urls, producing 679 keys and 3140 values 
2013-11-19 10:50:52,727 INFO  [ActionCommandFactory - 46] - Command Registered.........  VERIFY_TITLE
2013-11-19 10:50:52,728 INFO  [ActionCommandFactory - 46] - Command Registered.........  ENTER_VALUE
2013-11-19 10:50:52,728 INFO  [ActionCommandFactory - 46] - Command Registered.........  WAIT
2013-11-19 10:50:52,729 INFO  [ActionCommandFactory - 46] - Command Registered.........  WAIT_UNTIL
2013-11-19 10:50:52,729 INFO  [ActionCommandFactory - 46] - Command Registered.........  VERIFY_LOCATION
2013-11-19 10:50:52,729 INFO  [ActionCommandFactory - 46] - Command Registered.........  PRINT_TITLE
2013-11-19 10:50:52,729 INFO  [ActionCommandFactory - 46] - Command Registered.........  CLICK
2013-11-19 10:50:52,730 INFO  [ActionCommandFactory - 46] - Command Registered.........  LAUNCH
2013-11-19 10:50:52,730 INFO  [ActionCommandFactory - 46] - Command Registered.........  BROWSE_BACK
2013-11-19 10:50:52,730 INFO  [ActionCommandFactory - 46] - Command Registered.........  VERIFY_PROPERTY
2013-11-19 10:50:52,731 INFO  [ActionCommandFactory - 46] - Command Registered.........  VERIFY_CSS_PROPERTY
2013-11-19 10:50:52,732 INFO  [ActionCommandFactory - 46] - Command Registered.........  VERIFY_TEXT
2013-11-19 10:50:52,732 INFO  [ActionCommandFactory - 46] - Command Registered.........  VERIFY
2013-11-19 10:50:52,732 INFO  [ActionCommandFactory - 46] - Command Registered.........  SWITCH_WINDOW
2013-11-19 10:50:52,733 INFO  [ActionCommandFactory - 46] - Command Registered.........  VERIFY_SIZE
2013-11-19 10:50:52,733 INFO  [ActionCommandFactory - 46] - Command Registered.........  CLOSE_WINDOW
2013-11-19 10:50:52,734 INFO  [ActionCommandFactory - 46] - Command Registered.........  SWITCH_TO_MAIN_WINDOW
2013-11-19 10:50:52,734 INFO  [Launch - 34] - Executing LAUNCH for step
2013-11-19 10:50:57,437 INFO  [TestCaseContext - 107] - found new window with handle {d30b5dd4-0de6-4af2-befb-36cf4894f6f8}
2013-11-19 10:50:57,437 INFO  [TestCaseContext - 108] - New window number = 0
2013-11-19 10:50:57,438 INFO  [TestCaseContext - 118] - Total windows open = 1
2013-11-19 10:50:57,446 INFO  [TestCaseContext - 119] - Current window handle = {d30b5dd4-0de6-4af2-befb-36cf4894f6f8}
2013-11-19 10:50:57,454 INFO  [TestCaseContext - 120] - Current window number = 1
2013-11-19 10:50:57,454 INFO  [AutomationController - 59] - Executing step:- AutomationTestCaseStep [action=CLICK, windowName=Gmail Login Launch, reportingName=Gmail Login Launch, identifier=gmail-sign-in, identifierType=ID, data=]
2013-11-19 10:50:57,607 INFO  [TestCaseContext - 118] - Total windows open = 1
2013-11-19 10:50:58,139 INFO  [TestCaseContext - 119] - Current window handle = {d30b5dd4-0de6-4af2-befb-36cf4894f6f8}
2013-11-19 10:50:58,151 INFO  [TestCaseContext - 120] - Current window number = 1
2013-11-19 10:50:58,151 INFO  [AutomationController - 59] - Executing step:- AutomationTestCaseStep [action=WAIT_UNTIL, windowName=Gmail Login Page, reportingName=WAIT UNTIL, identifier=Email, identifierType=ID, data=20]
2013-11-19 10:50:58,151 INFO  [WaitUntil - 79] - Executing WAIT UNTIL for step
2013-11-19 10:50:58,165 INFO  [WaitUntil - 64] - Checking condition in wait until ....... returning true
2013-11-19 10:50:58,172 INFO  [TestCaseContext - 118] - Total windows open = 1
2013-11-19 10:50:58,179 INFO  [TestCaseContext - 119] - Current window handle = {d30b5dd4-0de6-4af2-befb-36cf4894f6f8}
2013-11-19 10:50:58,203 INFO  [TestCaseContext - 120] - Current window number = 1
2013-11-19 10:50:58,203 INFO  [AutomationController - 59] - Executing step:- AutomationTestCaseStep [action=ENTER_VALUE, windowName=Gmail Login Page, reportingName=ENTER USERID, identifier=Email, identifierType=ID, data=<email id>]
2013-11-19 10:50:58,275 INFO  [TestCaseContext - 118] - Total windows open = 1
2013-11-19 10:50:58,283 INFO  [TestCaseContext - 119] - Current window handle = {d30b5dd4-0de6-4af2-befb-36cf4894f6f8}
2013-11-19 10:50:58,292 INFO  [TestCaseContext - 120] - Current window number = 1
2013-11-19 10:50:58,292 INFO  [AutomationController - 59] - Executing step:- AutomationTestCaseStep [action=ENTER_VALUE, windowName=Gmail Login Page, reportingName=ENTER Password, identifier=Passwd, identifierType=ID, data=<password>]
2013-11-19 10:50:58,370 INFO  [TestCaseContext - 118] - Total windows open = 1
2013-11-19 10:50:58,680 INFO  [TestCaseContext - 119] - Current window handle = {d30b5dd4-0de6-4af2-befb-36cf4894f6f8}
2013-11-19 10:50:58,691 INFO  [TestCaseContext - 120] - Current window number = 1
2013-11-19 10:50:58,691 INFO  [AutomationController - 59] - Executing step:- AutomationTestCaseStep [action=CLICK, windowName=Gmail Login Page, reportingName=SIGN IN, identifier=signIn, identifierType=ID, data=]
2013-11-19 10:50:59,405 INFO  [TestCaseContext - 118] - Total windows open = 1
2013-11-19 10:50:59,717 INFO  [TestCaseContext - 119] - Current window handle = {d30b5dd4-0de6-4af2-befb-36cf4894f6f8}
2013-11-19 10:50:59,728 INFO  [TestCaseContext - 120] - Current window number = 1
2013-11-19 10:50:59,728 INFO  [AutomationController - 59] - Executing step:- AutomationTestCaseStep [action=WAIT_UNTIL, windowName=INBOX, reportingName=WAIT UNTIL, identifier=gbg6, identifierType=ID, data=50]
2013-11-19 10:50:59,729 INFO  [WaitUntil - 79] - Executing WAIT UNTIL for step
2013-11-19 10:50:59,747 WARN  [IdentifierType - 94] - No element found with identifier = gbg6
2013-11-19 10:50:59,747 INFO  [WaitUntil - 64] - Checking condition in wait until ....... returning false
2013-11-19 10:51:00,762 WARN  [IdentifierType - 94] - No element found with identifier = gbg6
2013-11-19 10:51:00,762 INFO  [WaitUntil - 64] - Checking condition in wait until ....... returning false
2013-11-19 10:51:01,782 WARN  [IdentifierType - 94] - No element found with identifier = gbg6
2013-11-19 10:51:01,782 INFO  [WaitUntil - 64] - Checking condition in wait until ....... returning false
2013-11-19 10:51:02,795 WARN  [IdentifierType - 94] - No element found with identifier = gbg6
2013-11-19 10:51:02,796 INFO  [WaitUntil - 64] - Checking condition in wait until ....... returning false
2013-11-19 10:51:03,809 WARN  [IdentifierType - 94] - No element found with identifier = gbg6
2013-11-19 10:51:03,809 INFO  [WaitUntil - 64] - Checking condition in wait until ....... returning false
2013-11-19 10:51:04,823 WARN  [IdentifierType - 94] - No element found with identifier = gbg6
2013-11-19 10:51:04,824 INFO  [WaitUntil - 64] - Checking condition in wait until ....... returning false
2013-11-19 10:51:05,837 WARN  [IdentifierType - 94] - No element found with identifier = gbg6
2013-11-19 10:51:05,838 INFO  [WaitUntil - 64] - Checking condition in wait until ....... returning false
2013-11-19 10:51:06,852 WARN  [IdentifierType - 94] - No element found with identifier = gbg6
2013-11-19 10:51:06,852 INFO  [WaitUntil - 64] - Checking condition in wait until ....... returning false
2013-11-19 10:51:07,866 WARN  [IdentifierType - 94] - No element found with identifier = gbg6
2013-11-19 10:51:07,867 INFO  [WaitUntil - 64] - Checking condition in wait until ....... returning false
2013-11-19 10:51:08,880 WARN  [IdentifierType - 94] - No element found with identifier = gbg6
2013-11-19 10:51:08,881 INFO  [WaitUntil - 64] - Checking condition in wait until ....... returning false
2013-11-19 10:51:09,895 WARN  [IdentifierType - 94] - No element found with identifier = gbg6
2013-11-19 10:51:09,895 INFO  [WaitUntil - 64] - Checking condition in wait until ....... returning false
2013-11-19 10:51:10,909 WARN  [IdentifierType - 94] - No element found with identifier = gbg6
2013-11-19 10:51:10,909 INFO  [WaitUntil - 64] - Checking condition in wait until ....... returning false
2013-11-19 10:51:11,923 WARN  [IdentifierType - 94] - No element found with identifier = gbg6
2013-11-19 10:51:11,923 INFO  [WaitUntil - 64] - Checking condition in wait until ....... returning false
2013-11-19 10:51:12,936 WARN  [IdentifierType - 94] - No element found with identifier = gbg6
2013-11-19 10:51:12,937 INFO  [WaitUntil - 64] - Checking condition in wait until ....... returning false
2013-11-19 10:51:13,950 WARN  [IdentifierType - 94] - No element found with identifier = gbg6
2013-11-19 10:51:13,951 INFO  [WaitUntil - 64] - Checking condition in wait until ....... returning false
2013-11-19 10:51:14,966 WARN  [IdentifierType - 94] - No element found with identifier = gbg6
2013-11-19 10:51:14,966 INFO  [WaitUntil - 64] - Checking condition in wait until ....... returning false
2013-11-19 10:51:15,979 WARN  [IdentifierType - 94] - No element found with identifier = gbg6
2013-11-19 10:51:15,980 INFO  [WaitUntil - 64] - Checking condition in wait until ....... returning false
2013-11-19 10:51:16,995 WARN  [IdentifierType - 94] - No element found with identifier = gbg6
2013-11-19 10:51:16,996 INFO  [WaitUntil - 64] - Checking condition in wait until ....... returning false
2013-11-19 10:51:18,010 WARN  [IdentifierType - 94] - No element found with identifier = gbg6
2013-11-19 10:51:18,010 INFO  [WaitUntil - 64] - Checking condition in wait until ....... returning false
2013-11-19 10:51:19,023 WARN  [IdentifierType - 94] - No element found with identifier = gbg6
2013-11-19 10:51:19,024 INFO  [WaitUntil - 64] - Checking condition in wait until ....... returning false
2013-11-19 10:51:20,037 WARN  [IdentifierType - 94] - No element found with identifier = gbg6
2013-11-19 10:51:20,038 INFO  [WaitUntil - 64] - Checking condition in wait until ....... returning false
2013-11-19 10:51:21,051 WARN  [IdentifierType - 94] - No element found with identifier = gbg6
2013-11-19 10:51:21,051 INFO  [WaitUntil - 64] - Checking condition in wait until ....... returning false
2013-11-19 10:51:22,065 WARN  [IdentifierType - 94] - No element found with identifier = gbg6
2013-11-19 10:51:22,066 INFO  [WaitUntil - 64] - Checking condition in wait until ....... returning false
2013-11-19 10:51:23,079 WARN  [IdentifierType - 94] - No element found with identifier = gbg6
2013-11-19 10:51:23,080 INFO  [WaitUntil - 64] - Checking condition in wait until ....... returning false
2013-11-19 10:51:24,094 WARN  [IdentifierType - 94] - No element found with identifier = gbg6
2013-11-19 10:51:24,094 INFO  [WaitUntil - 64] - Checking condition in wait until ....... returning false
2013-11-19 10:51:25,108 WARN  [IdentifierType - 94] - No element found with identifier = gbg6
2013-11-19 10:51:25,108 INFO  [WaitUntil - 64] - Checking condition in wait until ....... returning false
2013-11-19 10:51:26,122 WARN  [IdentifierType - 94] - No element found with identifier = gbg6
2013-11-19 10:51:26,122 INFO  [WaitUntil - 64] - Checking condition in wait until ....... returning false
2013-11-19 10:51:27,137 WARN  [IdentifierType - 94] - No element found with identifier = gbg6
2013-11-19 10:51:27,137 INFO  [WaitUntil - 64] - Checking condition in wait until ....... returning false
2013-11-19 10:51:28,155 WARN  [IdentifierType - 94] - No element found with identifier = gbg6
2013-11-19 10:51:28,155 INFO  [WaitUntil - 64] - Checking condition in wait until ....... returning false
2013-11-19 10:51:29,171 WARN  [IdentifierType - 94] - No element found with identifier = gbg6
2013-11-19 10:51:29,172 INFO  [WaitUntil - 64] - Checking condition in wait until ....... returning false
2013-11-19 10:51:30,186 WARN  [IdentifierType - 94] - No element found with identifier = gbg6
2013-11-19 10:51:30,187 INFO  [WaitUntil - 64] - Checking condition in wait until ....... returning false
2013-11-19 10:51:31,198 WARN  [IdentifierType - 94] - No element found with identifier = gbg6
2013-11-19 10:51:31,198 INFO  [WaitUntil - 64] - Checking condition in wait until ....... returning false
2013-11-19 10:51:32,217 WARN  [IdentifierType - 94] - No element found with identifier = gbg6
2013-11-19 10:51:32,217 INFO  [WaitUntil - 64] - Checking condition in wait until ....... returning false
2013-11-19 10:51:33,231 WARN  [IdentifierType - 94] - No element found with identifier = gbg6
2013-11-19 10:51:33,231 INFO  [WaitUntil - 64] - Checking condition in wait until ....... returning false
2013-11-19 10:51:34,246 WARN  [IdentifierType - 94] - No element found with identifier = gbg6
2013-11-19 10:51:34,247 INFO  [WaitUntil - 64] - Checking condition in wait until ....... returning false
2013-11-19 10:51:35,261 WARN  [IdentifierType - 94] - No element found with identifier = gbg6
2013-11-19 10:51:35,262 INFO  [WaitUntil - 64] - Checking condition in wait until ....... returning false
2013-11-19 10:51:36,281 WARN  [IdentifierType - 94] - No element found with identifier = gbg6
2013-11-19 10:51:36,282 INFO  [WaitUntil - 64] - Checking condition in wait until ....... returning false
2013-11-19 10:51:37,296 WARN  [IdentifierType - 94] - No element found with identifier = gbg6
2013-11-19 10:51:37,297 INFO  [WaitUntil - 64] - Checking condition in wait until ....... returning false
2013-11-19 10:51:38,311 WARN  [IdentifierType - 94] - No element found with identifier = gbg6
2013-11-19 10:51:38,312 INFO  [WaitUntil - 64] - Checking condition in wait until ....... returning false
2013-11-19 10:51:39,326 WARN  [IdentifierType - 94] - No element found with identifier = gbg6
2013-11-19 10:51:39,327 INFO  [WaitUntil - 64] - Checking condition in wait until ....... returning false
2013-11-19 10:51:40,346 WARN  [IdentifierType - 94] - No element found with identifier = gbg6
2013-11-19 10:51:40,346 INFO  [WaitUntil - 64] - Checking condition in wait until ....... returning false
2013-11-19 10:51:41,361 WARN  [IdentifierType - 94] - No element found with identifier = gbg6
2013-11-19 10:51:41,362 INFO  [WaitUntil - 64] - Checking condition in wait until ....... returning false
2013-11-19 10:51:42,376 WARN  [IdentifierType - 94] - No element found with identifier = gbg6
2013-11-19 10:51:42,377 INFO  [WaitUntil - 64] - Checking condition in wait until ....... returning false
2013-11-19 10:51:43,391 WARN  [IdentifierType - 94] - No element found with identifier = gbg6
2013-11-19 10:51:43,393 INFO  [WaitUntil - 64] - Checking condition in wait until ....... returning false
2013-11-19 10:51:44,408 WARN  [IdentifierType - 94] - No element found with identifier = gbg6
2013-11-19 10:51:44,409 INFO  [WaitUntil - 64] - Checking condition in wait until ....... returning false
2013-11-19 10:51:45,424 WARN  [IdentifierType - 94] - No element found with identifier = gbg6
2013-11-19 10:51:45,426 INFO  [WaitUntil - 64] - Checking condition in wait until ....... returning false
2013-11-19 10:51:46,440 WARN  [IdentifierType - 94] - No element found with identifier = gbg6
2013-11-19 10:51:46,442 INFO  [WaitUntil - 64] - Checking condition in wait until ....... returning false
2013-11-19 10:51:47,457 WARN  [IdentifierType - 94] - No element found with identifier = gbg6
2013-11-19 10:51:47,458 INFO  [WaitUntil - 64] - Checking condition in wait until ....... returning false
2013-11-19 10:51:48,470 WARN  [IdentifierType - 94] - No element found with identifier = gbg6
2013-11-19 10:51:48,470 INFO  [WaitUntil - 64] - Checking condition in wait until ....... returning false
2013-11-19 10:51:49,485 WARN  [IdentifierType - 94] - No element found with identifier = gbg6
2013-11-19 10:51:49,486 INFO  [WaitUntil - 64] - Checking condition in wait until ....... returning false
2013-11-19 10:51:50,500 WARN  [IdentifierType - 94] - No element found with identifier = gbg6
2013-11-19 10:51:50,501 INFO  [WaitUntil - 64] - Checking condition in wait until ....... returning false
2013-11-19 10:51:50,502 ERROR [WaitUntil - 87] - wait until Timed out. NOT FOUND Identifier= 'gbg6'
2013-11-19 10:51:50,505 WARN  [AutomationController - 161] - Report created at location 'test_reports\Automation_Report_D19-11-2013_T10-51-50.html'
