2013-12-02 14:31:15,463 INFO  [AutomationTestSuite - 41] - Main Sheet Found
2013-12-02 14:31:15,783 INFO  [AutomationTestCase - 75] - Total steps to be executed in test case are 19
2013-12-02 14:31:15,783 INFO  [AutomationTestSuite - 67] - Total test cases to be executed are 1. Out of configured 1 test cases
2013-12-02 14:32:03,481 INFO  [AutomationController - 59] - Executing step:- AutomationTestCaseStep [action=LAUNCH, windowName=Gmail Login Launch, reportingName=gmail login, identifier=https://mail.google.com/, identifierType=, data=]
2013-12-02 14:32:08,116 INFO  [Reflections - 250] - Reflections took 3224 ms to scan 1 urls, producing 679 keys and 3140 values 
2013-12-02 14:32:08,128 INFO  [ActionCommandFactory - 46] - Command Registered.........  PRINT_TITLE
2013-12-02 14:32:08,128 INFO  [ActionCommandFactory - 46] - Command Registered.........  WAIT
2013-12-02 14:32:08,129 INFO  [ActionCommandFactory - 46] - Command Registered.........  WAIT_UNTIL
2013-12-02 14:32:08,129 INFO  [ActionCommandFactory - 46] - Command Registered.........  VERIFY_CSS_PROPERTY
2013-12-02 14:32:08,130 INFO  [ActionCommandFactory - 46] - Command Registered.........  ENTER_VALUE
2013-12-02 14:32:08,130 INFO  [ActionCommandFactory - 46] - Command Registered.........  SWITCH_WINDOW
2013-12-02 14:32:08,130 INFO  [ActionCommandFactory - 46] - Command Registered.........  SWITCH_TO_MAIN_WINDOW
2013-12-02 14:32:08,131 INFO  [ActionCommandFactory - 46] - Command Registered.........  VERIFY_PROPERTY
2013-12-02 14:32:08,131 INFO  [ActionCommandFactory - 46] - Command Registered.........  VERIFY_TITLE
2013-12-02 14:32:08,131 INFO  [ActionCommandFactory - 46] - Command Registered.........  CLOSE_WINDOW
2013-12-02 14:32:08,131 INFO  [ActionCommandFactory - 46] - Command Registered.........  CLICK
2013-12-02 14:32:08,132 INFO  [ActionCommandFactory - 46] - Command Registered.........  VERIFY_LOCATION
2013-12-02 14:32:08,133 INFO  [ActionCommandFactory - 46] - Command Registered.........  VERIFY_SIZE
2013-12-02 14:32:08,133 INFO  [ActionCommandFactory - 46] - Command Registered.........  VERIFY
2013-12-02 14:32:08,133 INFO  [ActionCommandFactory - 46] - Command Registered.........  VERIFY_TEXT
2013-12-02 14:32:08,134 INFO  [ActionCommandFactory - 46] - Command Registered.........  LAUNCH
2013-12-02 14:32:08,134 INFO  [ActionCommandFactory - 46] - Command Registered.........  BROWSE_BACK
2013-12-02 14:32:08,134 INFO  [Launch - 34] - Executing LAUNCH for step
2013-12-02 14:32:24,240 INFO  [TestCaseContext - 107] - found new window with handle {0b5e8dd3-cc41-4e28-823f-807acac8ae4f}
2013-12-02 14:32:24,240 INFO  [TestCaseContext - 108] - New window number = 0
2013-12-02 14:32:24,240 INFO  [TestCaseContext - 118] - Total windows open = 1
2013-12-02 14:32:24,248 INFO  [TestCaseContext - 119] - Current window handle = {0b5e8dd3-cc41-4e28-823f-807acac8ae4f}
2013-12-02 14:32:24,257 INFO  [TestCaseContext - 120] - Current window number = 1
2013-12-02 14:32:24,258 INFO  [AutomationController - 59] - Executing step:- AutomationTestCaseStep [action=CLICK, windowName=Gmail Login Launch, reportingName=Gmail Login Launch, identifier=gmail-sign-in, identifierType=ID, data=]
2013-12-02 14:32:24,528 INFO  [TestCaseContext - 118] - Total windows open = 1
2013-12-02 14:32:25,208 INFO  [TestCaseContext - 119] - Current window handle = {0b5e8dd3-cc41-4e28-823f-807acac8ae4f}
2013-12-02 14:32:25,219 INFO  [TestCaseContext - 120] - Current window number = 1
2013-12-02 14:32:25,219 INFO  [AutomationController - 59] - Executing step:- AutomationTestCaseStep [action=WAIT_UNTIL, windowName=Gmail Login Page, reportingName=WAIT UNTIL, identifier=Email, identifierType=ID, data=20]
2013-12-02 14:32:25,219 INFO  [WaitUntil - 79] - Executing WAIT UNTIL for step
2013-12-02 14:32:25,308 INFO  [WaitUntil - 64] - Checking condition in wait until ....... returning true
2013-12-02 14:32:25,318 INFO  [TestCaseContext - 118] - Total windows open = 1
2013-12-02 14:32:25,344 INFO  [TestCaseContext - 119] - Current window handle = {0b5e8dd3-cc41-4e28-823f-807acac8ae4f}
2013-12-02 14:32:25,361 INFO  [TestCaseContext - 120] - Current window number = 1
2013-12-02 14:32:25,361 INFO  [AutomationController - 59] - Executing step:- AutomationTestCaseStep [action=ENTER_VALUE, windowName=Gmail Login Page, reportingName=ENTER USERID, identifier=Email, identifierType=ID, data=<email id>]
2013-12-02 14:32:25,465 INFO  [TestCaseContext - 118] - Total windows open = 1
2013-12-02 14:32:25,475 INFO  [TestCaseContext - 119] - Current window handle = {0b5e8dd3-cc41-4e28-823f-807acac8ae4f}
2013-12-02 14:32:25,764 INFO  [TestCaseContext - 120] - Current window number = 1
2013-12-02 14:32:25,765 INFO  [AutomationController - 59] - Executing step:- AutomationTestCaseStep [action=ENTER_VALUE, windowName=Gmail Login Page, reportingName=ENTER Password, identifier=Passwd, identifierType=ID, data=<password>]
2013-12-02 14:32:26,128 INFO  [TestCaseContext - 118] - Total windows open = 1
2013-12-02 14:32:26,136 INFO  [TestCaseContext - 119] - Current window handle = {0b5e8dd3-cc41-4e28-823f-807acac8ae4f}
2013-12-02 14:32:26,146 INFO  [TestCaseContext - 120] - Current window number = 1
2013-12-02 14:32:26,146 INFO  [AutomationController - 59] - Executing step:- AutomationTestCaseStep [action=CLICK, windowName=Gmail Login Page, reportingName=SIGN IN, identifier=signIn, identifierType=ID, data=]
2013-12-02 14:32:26,740 INFO  [TestCaseContext - 118] - Total windows open = 1
2013-12-02 14:32:27,051 INFO  [TestCaseContext - 119] - Current window handle = {0b5e8dd3-cc41-4e28-823f-807acac8ae4f}
2013-12-02 14:32:27,063 INFO  [TestCaseContext - 120] - Current window number = 1
2013-12-02 14:32:27,063 INFO  [AutomationController - 59] - Executing step:- AutomationTestCaseStep [action=WAIT_UNTIL, windowName=INBOX, reportingName=WAIT UNTIL, identifier=gbg6, identifierType=ID, data=50]
2013-12-02 14:32:27,064 INFO  [WaitUntil - 79] - Executing WAIT UNTIL for step
2013-12-02 14:32:27,078 WARN  [IdentifierType - 94] - No element found with identifier = gbg6
2013-12-02 14:32:27,078 INFO  [WaitUntil - 64] - Checking condition in wait until ....... returning false
2013-12-02 14:32:28,088 WARN  [IdentifierType - 94] - No element found with identifier = gbg6
2013-12-02 14:32:28,088 INFO  [WaitUntil - 64] - Checking condition in wait until ....... returning false
2013-12-02 14:32:29,103 WARN  [IdentifierType - 94] - No element found with identifier = gbg6
2013-12-02 14:32:29,104 INFO  [WaitUntil - 64] - Checking condition in wait until ....... returning false
2013-12-02 14:32:30,119 WARN  [IdentifierType - 94] - No element found with identifier = gbg6
2013-12-02 14:32:30,120 INFO  [WaitUntil - 64] - Checking condition in wait until ....... returning false
2013-12-02 14:32:31,131 WARN  [IdentifierType - 94] - No element found with identifier = gbg6
2013-12-02 14:32:31,131 INFO  [WaitUntil - 64] - Checking condition in wait until ....... returning false
2013-12-02 14:32:32,164 WARN  [IdentifierType - 94] - No element found with identifier = gbg6
2013-12-02 14:32:32,164 INFO  [WaitUntil - 64] - Checking condition in wait until ....... returning false
2013-12-02 14:32:33,192 WARN  [IdentifierType - 94] - No element found with identifier = gbg6
2013-12-02 14:32:33,192 INFO  [WaitUntil - 64] - Checking condition in wait until ....... returning false
2013-12-02 14:32:34,221 WARN  [IdentifierType - 94] - No element found with identifier = gbg6
2013-12-02 14:32:34,221 INFO  [WaitUntil - 64] - Checking condition in wait until ....... returning false
2013-12-02 14:32:35,236 WARN  [IdentifierType - 94] - No element found with identifier = gbg6
2013-12-02 14:32:35,236 INFO  [WaitUntil - 64] - Checking condition in wait until ....... returning false
2013-12-02 14:32:36,250 WARN  [IdentifierType - 94] - No element found with identifier = gbg6
2013-12-02 14:32:36,251 INFO  [WaitUntil - 64] - Checking condition in wait until ....... returning false
2013-12-02 14:32:37,262 WARN  [IdentifierType - 94] - No element found with identifier = gbg6
2013-12-02 14:32:37,262 INFO  [WaitUntil - 64] - Checking condition in wait until ....... returning false
2013-12-02 14:32:38,276 WARN  [IdentifierType - 94] - No element found with identifier = gbg6
2013-12-02 14:32:38,277 INFO  [WaitUntil - 64] - Checking condition in wait until ....... returning false
2013-12-02 14:32:39,294 WARN  [IdentifierType - 94] - No element found with identifier = gbg6
2013-12-02 14:32:39,294 INFO  [WaitUntil - 64] - Checking condition in wait until ....... returning false
2013-12-02 14:32:40,303 WARN  [IdentifierType - 94] - No element found with identifier = gbg6
2013-12-02 14:32:40,304 INFO  [WaitUntil - 64] - Checking condition in wait until ....... returning false
2013-12-02 14:32:41,313 WARN  [IdentifierType - 94] - No element found with identifier = gbg6
2013-12-02 14:32:41,313 INFO  [WaitUntil - 64] - Checking condition in wait until ....... returning false
2013-12-02 14:32:42,324 WARN  [IdentifierType - 94] - No element found with identifier = gbg6
2013-12-02 14:32:42,325 INFO  [WaitUntil - 64] - Checking condition in wait until ....... returning false
2013-12-02 14:32:43,363 WARN  [IdentifierType - 94] - No element found with identifier = gbg6
2013-12-02 14:32:43,363 INFO  [WaitUntil - 64] - Checking condition in wait until ....... returning false
2013-12-02 14:32:44,381 WARN  [IdentifierType - 94] - No element found with identifier = gbg6
2013-12-02 14:32:44,381 INFO  [WaitUntil - 64] - Checking condition in wait until ....... returning false
2013-12-02 14:32:45,426 WARN  [IdentifierType - 94] - No element found with identifier = gbg6
2013-12-02 14:32:45,426 INFO  [WaitUntil - 64] - Checking condition in wait until ....... returning false
2013-12-02 14:32:46,438 WARN  [IdentifierType - 94] - No element found with identifier = gbg6
2013-12-02 14:32:46,439 INFO  [WaitUntil - 64] - Checking condition in wait until ....... returning false
2013-12-02 14:32:47,452 WARN  [IdentifierType - 94] - No element found with identifier = gbg6
2013-12-02 14:32:47,453 INFO  [WaitUntil - 64] - Checking condition in wait until ....... returning false
2013-12-02 14:32:48,464 WARN  [IdentifierType - 94] - No element found with identifier = gbg6
2013-12-02 14:32:48,465 INFO  [WaitUntil - 64] - Checking condition in wait until ....... returning false
2013-12-02 14:32:49,510 WARN  [IdentifierType - 94] - No element found with identifier = gbg6
2013-12-02 14:32:49,511 INFO  [WaitUntil - 64] - Checking condition in wait until ....... returning false
2013-12-02 14:32:50,525 WARN  [IdentifierType - 94] - No element found with identifier = gbg6
2013-12-02 14:32:50,526 INFO  [WaitUntil - 64] - Checking condition in wait until ....... returning false
2013-12-02 14:32:51,536 WARN  [IdentifierType - 94] - No element found with identifier = gbg6
2013-12-02 14:32:51,537 INFO  [WaitUntil - 64] - Checking condition in wait until ....... returning false
2013-12-02 14:32:52,547 WARN  [IdentifierType - 94] - No element found with identifier = gbg6
2013-12-02 14:32:52,547 INFO  [WaitUntil - 64] - Checking condition in wait until ....... returning false
2013-12-02 14:32:53,557 WARN  [IdentifierType - 94] - No element found with identifier = gbg6
2013-12-02 14:32:53,557 INFO  [WaitUntil - 64] - Checking condition in wait until ....... returning false
2013-12-02 14:32:54,570 WARN  [IdentifierType - 94] - No element found with identifier = gbg6
2013-12-02 14:32:54,570 INFO  [WaitUntil - 64] - Checking condition in wait until ....... returning false
2013-12-02 14:32:55,581 WARN  [IdentifierType - 94] - No element found with identifier = gbg6
2013-12-02 14:32:55,581 INFO  [WaitUntil - 64] - Checking condition in wait until ....... returning false
2013-12-02 14:32:56,593 WARN  [IdentifierType - 94] - No element found with identifier = gbg6
2013-12-02 14:32:56,594 INFO  [WaitUntil - 64] - Checking condition in wait until ....... returning false
2013-12-02 14:32:57,605 WARN  [IdentifierType - 94] - No element found with identifier = gbg6
2013-12-02 14:32:57,605 INFO  [WaitUntil - 64] - Checking condition in wait until ....... returning false
2013-12-02 14:32:58,615 WARN  [IdentifierType - 94] - No element found with identifier = gbg6
2013-12-02 14:32:58,615 INFO  [WaitUntil - 64] - Checking condition in wait until ....... returning false
2013-12-02 14:32:59,682 WARN  [IdentifierType - 94] - No element found with identifier = gbg6
2013-12-02 14:32:59,682 INFO  [WaitUntil - 64] - Checking condition in wait until ....... returning false
2013-12-02 14:33:00,693 WARN  [IdentifierType - 94] - No element found with identifier = gbg6
2013-12-02 14:33:00,693 INFO  [WaitUntil - 64] - Checking condition in wait until ....... returning false
2013-12-02 14:33:01,839 WARN  [IdentifierType - 94] - No element found with identifier = gbg6
2013-12-02 14:33:01,840 INFO  [WaitUntil - 64] - Checking condition in wait until ....... returning false
2013-12-02 14:33:02,856 WARN  [IdentifierType - 94] - No element found with identifier = gbg6
2013-12-02 14:33:02,856 INFO  [WaitUntil - 64] - Checking condition in wait until ....... returning false
2013-12-02 14:33:03,923 WARN  [IdentifierType - 94] - No element found with identifier = gbg6
2013-12-02 14:33:03,923 INFO  [WaitUntil - 64] - Checking condition in wait until ....... returning false
2013-12-02 14:33:04,940 WARN  [IdentifierType - 94] - No element found with identifier = gbg6
2013-12-02 14:33:04,940 INFO  [WaitUntil - 64] - Checking condition in wait until ....... returning false
2013-12-02 14:33:05,956 WARN  [IdentifierType - 94] - No element found with identifier = gbg6
2013-12-02 14:33:05,957 INFO  [WaitUntil - 64] - Checking condition in wait until ....... returning false
2013-12-02 14:33:06,996 WARN  [IdentifierType - 94] - No element found with identifier = gbg6
2013-12-02 14:33:06,996 INFO  [WaitUntil - 64] - Checking condition in wait until ....... returning false
2013-12-02 14:33:08,027 WARN  [IdentifierType - 94] - No element found with identifier = gbg6
2013-12-02 14:33:08,028 INFO  [WaitUntil - 64] - Checking condition in wait until ....... returning false
2013-12-02 14:33:09,049 WARN  [IdentifierType - 94] - No element found with identifier = gbg6
2013-12-02 14:33:09,049 INFO  [WaitUntil - 64] - Checking condition in wait until ....... returning false
2013-12-02 14:33:10,067 WARN  [IdentifierType - 94] - No element found with identifier = gbg6
2013-12-02 14:33:10,067 INFO  [WaitUntil - 64] - Checking condition in wait until ....... returning false
2013-12-02 14:33:11,087 WARN  [IdentifierType - 94] - No element found with identifier = gbg6
2013-12-02 14:33:11,087 INFO  [WaitUntil - 64] - Checking condition in wait until ....... returning false
2013-12-02 14:33:12,103 WARN  [IdentifierType - 94] - No element found with identifier = gbg6
2013-12-02 14:33:12,104 INFO  [WaitUntil - 64] - Checking condition in wait until ....... returning false
2013-12-02 14:33:13,120 WARN  [IdentifierType - 94] - No element found with identifier = gbg6
2013-12-02 14:33:13,121 INFO  [WaitUntil - 64] - Checking condition in wait until ....... returning false
2013-12-02 14:33:14,137 WARN  [IdentifierType - 94] - No element found with identifier = gbg6
2013-12-02 14:33:14,137 INFO  [WaitUntil - 64] - Checking condition in wait until ....... returning false
2013-12-02 14:33:15,159 WARN  [IdentifierType - 94] - No element found with identifier = gbg6
2013-12-02 14:33:15,160 INFO  [WaitUntil - 64] - Checking condition in wait until ....... returning false
2013-12-02 14:33:16,192 WARN  [IdentifierType - 94] - No element found with identifier = gbg6
2013-12-02 14:33:16,193 INFO  [WaitUntil - 64] - Checking condition in wait until ....... returning false
2013-12-02 14:33:17,211 WARN  [IdentifierType - 94] - No element found with identifier = gbg6
2013-12-02 14:33:17,211 INFO  [WaitUntil - 64] - Checking condition in wait until ....... returning false
2013-12-02 14:33:17,212 ERROR [WaitUntil - 87] - wait until Timed out. NOT FOUND Identifier= 'gbg6'
2013-12-02 14:33:17,221 WARN  [AutomationController - 144] - Report created at location 'test_reports\Execution_Report_D02-12-2013_T14-33-17.html'
